d:\迅雷下载\protobuf-2.5.0\protobuf-2.5.0\vsprojects\debug\vc120.pdb
d:\迅雷下载\protobuf-2.5.0\protobuf-2.5.0\vsprojects\debug\vc120.idb
d:\迅雷下载\protobuf-2.5.0\protobuf-2.5.0\vsprojects\debug\cpp_generator.obj
d:\迅雷下载\protobuf-2.5.0\protobuf-2.5.0\vsprojects\debug\cpp_helpers.obj
d:\迅雷下载\protobuf-2.5.0\protobuf-2.5.0\vsprojects\debug\cpp_message.obj
d:\迅雷下载\protobuf-2.5.0\protobuf-2.5.0\vsprojects\debug\cpp_message_field.obj
d:\迅雷下载\protobuf-2.5.0\protobuf-2.5.0\vsprojects\debug\cpp_primitive_field.obj
d:\迅雷下载\protobuf-2.5.0\protobuf-2.5.0\vsprojects\debug\cpp_service.obj
d:\迅雷下载\protobuf-2.5.0\protobuf-2.5.0\vsprojects\debug\cpp_string_field.obj
d:\迅雷下载\protobuf-2.5.0\protobuf-2.5.0\vsprojects\debug\java_enum.obj
d:\迅雷下载\protobuf-2.5.0\protobuf-2.5.0\vsprojects\debug\java_enum_field.obj
d:\迅雷下载\protobuf-2.5.0\protobuf-2.5.0\vsprojects\debug\java_extension.obj
d:\迅雷下载\protobuf-2.5.0\protobuf-2.5.0\vsprojects\debug\java_field.obj
d:\迅雷下载\protobuf-2.5.0\protobuf-2.5.0\vsprojects\debug\java_file.obj
d:\迅雷下载\protobuf-2.5.0\protobuf-2.5.0\vsprojects\debug\java_generator.obj
d:\迅雷下载\protobuf-2.5.0\protobuf-2.5.0\vsprojects\debug\java_helpers.obj
d:\迅雷下载\protobuf-2.5.0\protobuf-2.5.0\vsprojects\debug\java_message.obj
d:\迅雷下载\protobuf-2.5.0\protobuf-2.5.0\vsprojects\debug\java_message_field.obj
d:\迅雷下载\protobuf-2.5.0\protobuf-2.5.0\vsprojects\debug\java_primitive_field.obj
d:\迅雷下载\protobuf-2.5.0\protobuf-2.5.0\vsprojects\debug\java_service.obj
d:\迅雷下载\protobuf-2.5.0\protobuf-2.5.0\vsprojects\debug\java_string_field.obj
d:\迅雷下载\protobuf-2.5.0\protobuf-2.5.0\vsprojects\debug\python_generator.obj
d:\迅雷下载\protobuf-2.5.0\protobuf-2.5.0\vsprojects\debug\java_doc_comment.obj
d:\迅雷下载\protobuf-2.5.0\protobuf-2.5.0\vsprojects\debug\code_generator.obj
d:\迅雷下载\protobuf-2.5.0\protobuf-2.5.0\vsprojects\debug\command_line_interface.obj
d:\迅雷下载\protobuf-2.5.0\protobuf-2.5.0\vsprojects\debug\subprocess.obj
d:\迅雷下载\protobuf-2.5.0\protobuf-2.5.0\vsprojects\debug\zip_writer.obj
d:\迅雷下载\protobuf-2.5.0\protobuf-2.5.0\vsprojects\debug\plugin.obj
d:\迅雷下载\protobuf-2.5.0\protobuf-2.5.0\vsprojects\debug\plugin.pb.obj
d:\迅雷下载\protobuf-2.5.0\protobuf-2.5.0\vsprojects\debug\cpp_enum.obj
d:\迅雷下载\protobuf-2.5.0\protobuf-2.5.0\vsprojects\debug\cpp_enum_field.obj
d:\迅雷下载\protobuf-2.5.0\protobuf-2.5.0\vsprojects\debug\cpp_extension.obj
d:\迅雷下载\protobuf-2.5.0\protobuf-2.5.0\vsprojects\debug\cpp_field.obj
d:\迅雷下载\protobuf-2.5.0\protobuf-2.5.0\vsprojects\debug\cpp_file.obj
d:\迅雷下载\protobuf-2.5.0\protobuf-2.5.0\vsprojects\debug\libprotoc.lib
e:\dev_materials\protobuf-2.5.0\vsprojects\debug\atomicops_internals_x86_msvc.obj
e:\dev_materials\protobuf-2.5.0\vsprojects\debug\coded_stream.obj
e:\dev_materials\protobuf-2.5.0\vsprojects\debug\common.obj
e:\dev_materials\protobuf-2.5.0\vsprojects\debug\descriptor.obj
e:\dev_materials\protobuf-2.5.0\vsprojects\debug\descriptor.pb.obj
e:\dev_materials\protobuf-2.5.0\vsprojects\debug\descriptor_database.obj
e:\dev_materials\protobuf-2.5.0\vsprojects\debug\dynamic_message.obj
e:\dev_materials\protobuf-2.5.0\vsprojects\debug\extension_set.obj
e:\dev_materials\protobuf-2.5.0\vsprojects\debug\extension_set_heavy.obj
e:\dev_materials\protobuf-2.5.0\vsprojects\debug\generated_message_reflection.obj
e:\dev_materials\protobuf-2.5.0\vsprojects\debug\generated_message_util.obj
e:\dev_materials\protobuf-2.5.0\vsprojects\debug\gzip_stream.obj
e:\dev_materials\protobuf-2.5.0\vsprojects\debug\importer.obj
e:\dev_materials\protobuf-2.5.0\vsprojects\debug\message.obj
e:\dev_materials\protobuf-2.5.0\vsprojects\debug\message_lite.obj
e:\dev_materials\protobuf-2.5.0\vsprojects\debug\once.obj
e:\dev_materials\protobuf-2.5.0\vsprojects\debug\parser.obj
e:\dev_materials\protobuf-2.5.0\vsprojects\debug\printer.obj
e:\dev_materials\protobuf-2.5.0\vsprojects\debug\reflection_ops.obj
e:\dev_materials\protobuf-2.5.0\vsprojects\debug\repeated_field.obj
e:\dev_materials\protobuf-2.5.0\vsprojects\debug\service.obj
e:\dev_materials\protobuf-2.5.0\vsprojects\debug\stringprintf.obj
e:\dev_materials\protobuf-2.5.0\vsprojects\debug\structurally_valid.obj
e:\dev_materials\protobuf-2.5.0\vsprojects\debug\strutil.obj
e:\dev_materials\protobuf-2.5.0\vsprojects\debug\substitute.obj
e:\dev_materials\protobuf-2.5.0\vsprojects\debug\text_format.obj
e:\dev_materials\protobuf-2.5.0\vsprojects\debug\tokenizer.obj
e:\dev_materials\protobuf-2.5.0\vsprojects\debug\unknown_field_set.obj
e:\dev_materials\protobuf-2.5.0\vsprojects\debug\wire_format.obj
e:\dev_materials\protobuf-2.5.0\vsprojects\debug\wire_format_lite.obj
e:\dev_materials\protobuf-2.5.0\vsprojects\debug\zero_copy_stream.obj
e:\dev_materials\protobuf-2.5.0\vsprojects\debug\zero_copy_stream_impl.obj
e:\dev_materials\protobuf-2.5.0\vsprojects\debug\vc120.idb
e:\dev_materials\protobuf-2.5.0\vsprojects\debug\vc120.pdb
e:\dev_materials\protobuf-2.5.0\vsprojects\debug\libprotoc.lib
e:\dev_materials\protobuf-2.5.0\vsprojects\debug\libprotoc.tlog\cl.command.1.tlog
e:\dev_materials\protobuf-2.5.0\vsprojects\debug\libprotoc.tlog\cl.read.1.tlog
e:\dev_materials\protobuf-2.5.0\vsprojects\debug\libprotoc.tlog\cl.write.1.tlog
e:\dev_materials\protobuf-2.5.0\vsprojects\debug\libprotoc.tlog\lib-link.read.1.tlog
e:\dev_materials\protobuf-2.5.0\vsprojects\debug\libprotoc.tlog\lib-link.write.1.tlog
e:\dev_materials\protobuf-2.5.0\vsprojects\debug\libprotoc.tlog\lib.command.1.tlog
