d:\迅雷下载\protobuf-2.5.0\protobuf-2.5.0\vsprojects\debug\vc120.pdb
d:\迅雷下载\protobuf-2.5.0\protobuf-2.5.0\vsprojects\debug\vc120.idb
d:\迅雷下载\protobuf-2.5.0\protobuf-2.5.0\vsprojects\debug\message_lite.obj
d:\迅雷下载\protobuf-2.5.0\protobuf-2.5.0\vsprojects\debug\once.obj
d:\迅雷下载\protobuf-2.5.0\protobuf-2.5.0\vsprojects\debug\atomicops_internals_x86_msvc.obj
d:\迅雷下载\protobuf-2.5.0\protobuf-2.5.0\vsprojects\debug\parser.obj
d:\迅雷下载\protobuf-2.5.0\protobuf-2.5.0\vsprojects\debug\printer.obj
d:\迅雷下载\protobuf-2.5.0\protobuf-2.5.0\vsprojects\debug\reflection_ops.obj
d:\迅雷下载\protobuf-2.5.0\protobuf-2.5.0\vsprojects\debug\repeated_field.obj
d:\迅雷下载\protobuf-2.5.0\protobuf-2.5.0\vsprojects\debug\service.obj
d:\迅雷下载\protobuf-2.5.0\protobuf-2.5.0\vsprojects\debug\structurally_valid.obj
d:\迅雷下载\protobuf-2.5.0\protobuf-2.5.0\vsprojects\debug\strutil.obj
d:\迅雷下载\protobuf-2.5.0\protobuf-2.5.0\vsprojects\debug\substitute.obj
d:\迅雷下载\protobuf-2.5.0\protobuf-2.5.0\vsprojects\debug\text_format.obj
d:\迅雷下载\protobuf-2.5.0\protobuf-2.5.0\vsprojects\debug\tokenizer.obj
d:\迅雷下载\protobuf-2.5.0\protobuf-2.5.0\vsprojects\debug\unknown_field_set.obj
d:\迅雷下载\protobuf-2.5.0\protobuf-2.5.0\vsprojects\debug\wire_format.obj
d:\迅雷下载\protobuf-2.5.0\protobuf-2.5.0\vsprojects\debug\wire_format_lite.obj
d:\迅雷下载\protobuf-2.5.0\protobuf-2.5.0\vsprojects\debug\zero_copy_stream.obj
d:\迅雷下载\protobuf-2.5.0\protobuf-2.5.0\vsprojects\debug\zero_copy_stream_impl.obj
d:\迅雷下载\protobuf-2.5.0\protobuf-2.5.0\vsprojects\debug\stringprintf.obj
d:\迅雷下载\protobuf-2.5.0\protobuf-2.5.0\vsprojects\debug\coded_stream.obj
d:\迅雷下载\protobuf-2.5.0\protobuf-2.5.0\vsprojects\debug\common.obj
d:\迅雷下载\protobuf-2.5.0\protobuf-2.5.0\vsprojects\debug\descriptor.obj
d:\迅雷下载\protobuf-2.5.0\protobuf-2.5.0\vsprojects\debug\descriptor.pb.obj
d:\迅雷下载\protobuf-2.5.0\protobuf-2.5.0\vsprojects\debug\descriptor_database.obj
d:\迅雷下载\protobuf-2.5.0\protobuf-2.5.0\vsprojects\debug\dynamic_message.obj
d:\迅雷下载\protobuf-2.5.0\protobuf-2.5.0\vsprojects\debug\extension_set.obj
d:\迅雷下载\protobuf-2.5.0\protobuf-2.5.0\vsprojects\debug\extension_set_heavy.obj
d:\迅雷下载\protobuf-2.5.0\protobuf-2.5.0\vsprojects\debug\generated_message_reflection.obj
d:\迅雷下载\protobuf-2.5.0\protobuf-2.5.0\vsprojects\debug\generated_message_util.obj
d:\迅雷下载\protobuf-2.5.0\protobuf-2.5.0\vsprojects\debug\gzip_stream.obj
d:\迅雷下载\protobuf-2.5.0\protobuf-2.5.0\vsprojects\debug\importer.obj
d:\迅雷下载\protobuf-2.5.0\protobuf-2.5.0\vsprojects\debug\message.obj
e:\dev_materials\protobuf-2.5.0\vsprojects\debug\libprotobuf.tlog\cl.command.1.tlog
e:\dev_materials\protobuf-2.5.0\vsprojects\debug\libprotobuf.tlog\cl.read.1.tlog
e:\dev_materials\protobuf-2.5.0\vsprojects\debug\libprotobuf.tlog\cl.write.1.tlog
