d:\迅雷下载\protobuf-2.5.0\protobuf-2.5.0\vsprojects\debug\vc120.pdb
d:\迅雷下载\protobuf-2.5.0\protobuf-2.5.0\vsprojects\debug\vc120.idb
d:\迅雷下载\protobuf-2.5.0\protobuf-2.5.0\vsprojects\debug\main.obj
e:\dev_materials\protobuf-2.5.0\vsprojects\debug\code_generator.obj
e:\dev_materials\protobuf-2.5.0\vsprojects\debug\command_line_interface.obj
e:\dev_materials\protobuf-2.5.0\vsprojects\debug\cpp_enum.obj
e:\dev_materials\protobuf-2.5.0\vsprojects\debug\cpp_enum_field.obj
e:\dev_materials\protobuf-2.5.0\vsprojects\debug\cpp_extension.obj
e:\dev_materials\protobuf-2.5.0\vsprojects\debug\cpp_field.obj
e:\dev_materials\protobuf-2.5.0\vsprojects\debug\cpp_file.obj
e:\dev_materials\protobuf-2.5.0\vsprojects\debug\cpp_generator.obj
e:\dev_materials\protobuf-2.5.0\vsprojects\debug\cpp_helpers.obj
e:\dev_materials\protobuf-2.5.0\vsprojects\debug\cpp_message.obj
e:\dev_materials\protobuf-2.5.0\vsprojects\debug\cpp_message_field.obj
e:\dev_materials\protobuf-2.5.0\vsprojects\debug\cpp_primitive_field.obj
e:\dev_materials\protobuf-2.5.0\vsprojects\debug\cpp_service.obj
e:\dev_materials\protobuf-2.5.0\vsprojects\debug\cpp_string_field.obj
e:\dev_materials\protobuf-2.5.0\vsprojects\debug\java_doc_comment.obj
e:\dev_materials\protobuf-2.5.0\vsprojects\debug\java_enum.obj
e:\dev_materials\protobuf-2.5.0\vsprojects\debug\java_enum_field.obj
e:\dev_materials\protobuf-2.5.0\vsprojects\debug\java_extension.obj
e:\dev_materials\protobuf-2.5.0\vsprojects\debug\java_field.obj
e:\dev_materials\protobuf-2.5.0\vsprojects\debug\java_file.obj
e:\dev_materials\protobuf-2.5.0\vsprojects\debug\java_generator.obj
e:\dev_materials\protobuf-2.5.0\vsprojects\debug\java_helpers.obj
e:\dev_materials\protobuf-2.5.0\vsprojects\debug\java_message.obj
e:\dev_materials\protobuf-2.5.0\vsprojects\debug\java_message_field.obj
e:\dev_materials\protobuf-2.5.0\vsprojects\debug\java_primitive_field.obj
e:\dev_materials\protobuf-2.5.0\vsprojects\debug\java_service.obj
e:\dev_materials\protobuf-2.5.0\vsprojects\debug\java_string_field.obj
e:\dev_materials\protobuf-2.5.0\vsprojects\debug\plugin.obj
e:\dev_materials\protobuf-2.5.0\vsprojects\debug\plugin.pb.obj
e:\dev_materials\protobuf-2.5.0\vsprojects\debug\python_generator.obj
e:\dev_materials\protobuf-2.5.0\vsprojects\debug\subprocess.obj
e:\dev_materials\protobuf-2.5.0\vsprojects\debug\zip_writer.obj
e:\dev_materials\protobuf-2.5.0\vsprojects\debug\vc120.idb
e:\dev_materials\protobuf-2.5.0\vsprojects\debug\vc120.pdb
e:\dev_materials\protobuf-2.5.0\vsprojects\debug\protoc.tlog\cl.command.1.tlog
e:\dev_materials\protobuf-2.5.0\vsprojects\debug\protoc.tlog\cl.read.1.tlog
e:\dev_materials\protobuf-2.5.0\vsprojects\debug\protoc.tlog\cl.write.1.tlog
e:\dev_materials\protobuf-2.5.0\vsprojects\debug\protoc.tlog\link.command.1.tlog
e:\dev_materials\protobuf-2.5.0\vsprojects\debug\protoc.tlog\link.read.1.tlog
e:\dev_materials\protobuf-2.5.0\vsprojects\debug\protoc.tlog\link.write.1.tlog
